[debug] [2026-01-27T17:01:15.857Z] ----------------------------------------------------------------------
[debug] [2026-01-27T17:01:15.859Z] Command:       /Users/omrinuri/.asdf/installs/nodejs/20.11.0/bin/node /Users/omrinuri/.asdf/installs/nodejs/20.11.0/bin/firebase deploy --only hosting
[debug] [2026-01-27T17:01:15.859Z] CLI Version:   14.3.1
[debug] [2026-01-27T17:01:15.859Z] Platform:      darwin
[debug] [2026-01-27T17:01:15.859Z] Node Version:  v20.11.0
[debug] [2026-01-27T17:01:15.860Z] Time:          Tue Jan 27 2026 12:01:15 GMT-0500 (GMT-05:00)
[debug] [2026-01-27T17:01:15.860Z] ----------------------------------------------------------------------
[debug] 
[debug] [2026-01-27T17:01:15.988Z] > command requires scopes: ["email","openid","https://www.googleapis.com/auth/cloudplatformprojects.readonly","https://www.googleapis.com/auth/firebase","https://www.googleapis.com/auth/cloud-platform"]
[debug] [2026-01-27T17:01:15.988Z] > authorizing via signed-in user (trenton@vendortap.com)
[debug] [2026-01-27T17:01:15.988Z] [iam] checking project fungarium-peru-a0638 for permissions ["firebase.projects.get","firebasehosting.sites.update"]
[debug] [2026-01-27T17:01:15.989Z] Checked if tokens are valid: true, expires at: 1769534240581
[debug] [2026-01-27T17:01:15.989Z] Checked if tokens are valid: true, expires at: 1769534240581
[debug] [2026-01-27T17:01:15.990Z] >>> [apiv2][query] POST https://cloudresourcemanager.googleapis.com/v1/projects/fungarium-peru-a0638:testIamPermissions [none]
[debug] [2026-01-27T17:01:15.990Z] >>> [apiv2][(partial)header] POST https://cloudresourcemanager.googleapis.com/v1/projects/fungarium-peru-a0638:testIamPermissions x-goog-quota-user=projects/fungarium-peru-a0638
[debug] [2026-01-27T17:01:15.990Z] >>> [apiv2][body] POST https://cloudresourcemanager.googleapis.com/v1/projects/fungarium-peru-a0638:testIamPermissions {"permissions":["firebase.projects.get","firebasehosting.sites.update"]}
[debug] [2026-01-27T17:01:17.390Z] <<< [apiv2][status] POST https://cloudresourcemanager.googleapis.com/v1/projects/fungarium-peru-a0638:testIamPermissions 200
[debug] [2026-01-27T17:01:17.391Z] <<< [apiv2][body] POST https://cloudresourcemanager.googleapis.com/v1/projects/fungarium-peru-a0638:testIamPermissions {}
[debug] [2026-01-27T17:01:17.391Z] [iam] error while checking permissions, command may fail: Authorization failed. This account is missing the following required permissions on project fungarium-peru-a0638:

  firebase.projects.get
  firebasehosting.sites.update
[debug] [2026-01-27T17:01:17.392Z] Checked if tokens are valid: true, expires at: 1769534240581
[debug] [2026-01-27T17:01:17.392Z] Checked if tokens are valid: true, expires at: 1769534240581
[debug] [2026-01-27T17:01:17.392Z] >>> [apiv2][query] GET https://firebase.googleapis.com/v1beta1/projects/fungarium-peru-a0638 [none]
[debug] [2026-01-27T17:01:17.876Z] <<< [apiv2][status] GET https://firebase.googleapis.com/v1beta1/projects/fungarium-peru-a0638 403
[debug] [2026-01-27T17:01:17.876Z] <<< [apiv2][body] GET https://firebase.googleapis.com/v1beta1/projects/fungarium-peru-a0638 {"error":{"code":403,"message":"The caller does not have permission","status":"PERMISSION_DENIED"}}
[debug] [2026-01-27T17:01:17.876Z] Request to https://firebase.googleapis.com/v1beta1/projects/fungarium-peru-a0638 had HTTP Error: 403, The caller does not have permission
[debug] [2026-01-27T17:01:18.018Z] FirebaseError: Request to https://firebase.googleapis.com/v1beta1/projects/fungarium-peru-a0638 had HTTP Error: 403, The caller does not have permission
    at responseToError (/Users/omrinuri/.asdf/installs/nodejs/20.11.0/lib/node_modules/firebase-tools/lib/responseToError.js:52:12)
    at RetryOperation._fn (/Users/omrinuri/.asdf/installs/nodejs/20.11.0/lib/node_modules/firebase-tools/lib/apiv2.js:312:77)
    at process.processTicksAndRejections (node:internal/process/task_queues:95:5)
[error] 
[error] Error: Failed to get Firebase project fungarium-peru-a0638. Please make sure the project exists and your account has permission to access it.
[debug] [2026-01-27T17:01:26.613Z] ----------------------------------------------------------------------
[debug] [2026-01-27T17:01:26.615Z] Command:       /Users/omrinuri/.asdf/installs/nodejs/20.11.0/bin/node /Users/omrinuri/.asdf/installs/nodejs/20.11.0/bin/firebase deploy --only hosting
[debug] [2026-01-27T17:01:26.616Z] CLI Version:   14.3.1
[debug] [2026-01-27T17:01:26.616Z] Platform:      darwin
[debug] [2026-01-27T17:01:26.616Z] Node Version:  v20.11.0
[debug] [2026-01-27T17:01:26.616Z] Time:          Tue Jan 27 2026 12:01:26 GMT-0500 (GMT-05:00)
[debug] [2026-01-27T17:01:26.616Z] ----------------------------------------------------------------------
[debug] 
[debug] [2026-01-27T17:01:26.778Z] > command requires scopes: ["email","openid","https://www.googleapis.com/auth/cloudplatformprojects.readonly","https://www.googleapis.com/auth/firebase","https://www.googleapis.com/auth/cloud-platform"]
[debug] [2026-01-27T17:01:26.778Z] > authorizing via signed-in user (trenton@vendortap.com)
[debug] [2026-01-27T17:01:26.778Z] [iam] checking project fungarium-peru-a0638 for permissions ["firebase.projects.get","firebasehosting.sites.update"]
[debug] [2026-01-27T17:01:26.779Z] Checked if tokens are valid: true, expires at: 1769534240581
[debug] [2026-01-27T17:01:26.779Z] Checked if tokens are valid: true, expires at: 1769534240581
[debug] [2026-01-27T17:01:26.780Z] >>> [apiv2][query] POST https://cloudresourcemanager.googleapis.com/v1/projects/fungarium-peru-a0638:testIamPermissions [none]
[debug] [2026-01-27T17:01:26.780Z] >>> [apiv2][(partial)header] POST https://cloudresourcemanager.googleapis.com/v1/projects/fungarium-peru-a0638:testIamPermissions x-goog-quota-user=projects/fungarium-peru-a0638
[debug] [2026-01-27T17:01:26.780Z] >>> [apiv2][body] POST https://cloudresourcemanager.googleapis.com/v1/projects/fungarium-peru-a0638:testIamPermissions {"permissions":["firebase.projects.get","firebasehosting.sites.update"]}
[debug] [2026-01-27T17:01:27.873Z] <<< [apiv2][status] POST https://cloudresourcemanager.googleapis.com/v1/projects/fungarium-peru-a0638:testIamPermissions 200
[debug] [2026-01-27T17:01:27.874Z] <<< [apiv2][body] POST https://cloudresourcemanager.googleapis.com/v1/projects/fungarium-peru-a0638:testIamPermissions {}
[debug] [2026-01-27T17:01:27.874Z] [iam] error while checking permissions, command may fail: Authorization failed. This account is missing the following required permissions on project fungarium-peru-a0638:

  firebase.projects.get
  firebasehosting.sites.update
[debug] [2026-01-27T17:01:27.874Z] Checked if tokens are valid: true, expires at: 1769534240581
[debug] [2026-01-27T17:01:27.874Z] Checked if tokens are valid: true, expires at: 1769534240581
[debug] [2026-01-27T17:01:27.875Z] >>> [apiv2][query] GET https://firebase.googleapis.com/v1beta1/projects/fungarium-peru-a0638 [none]
[debug] [2026-01-27T17:01:28.269Z] <<< [apiv2][status] GET https://firebase.googleapis.com/v1beta1/projects/fungarium-peru-a0638 403
[debug] [2026-01-27T17:01:28.269Z] <<< [apiv2][body] GET https://firebase.googleapis.com/v1beta1/projects/fungarium-peru-a0638 {"error":{"code":403,"message":"The caller does not have permission","status":"PERMISSION_DENIED"}}
[debug] [2026-01-27T17:01:28.270Z] Request to https://firebase.googleapis.com/v1beta1/projects/fungarium-peru-a0638 had HTTP Error: 403, The caller does not have permission
[debug] [2026-01-27T17:01:28.418Z] FirebaseError: Request to https://firebase.googleapis.com/v1beta1/projects/fungarium-peru-a0638 had HTTP Error: 403, The caller does not have permission
    at responseToError (/Users/omrinuri/.asdf/installs/nodejs/20.11.0/lib/node_modules/firebase-tools/lib/responseToError.js:52:12)
    at RetryOperation._fn (/Users/omrinuri/.asdf/installs/nodejs/20.11.0/lib/node_modules/firebase-tools/lib/apiv2.js:312:77)
    at process.processTicksAndRejections (node:internal/process/task_queues:95:5)
[error] 
[error] Error: Failed to get Firebase project fungarium-peru-a0638. Please make sure the project exists and your account has permission to access it.
